<?xml version="1.0" encoding="UTF-8"?>
<!-- Generated by org.testng.reporters.JUnitReportReporter -->
<testsuite skipped="0" hostname="P5-GL7QX52" name="testRunner.testRunner_Portal" tests="2" failures="0" timestamp="26 Apr 2019 13:55:11 GMT" time="25.227" errors="2">
  <testcase name="runScenario" time="11.598" classname="testRunner.testRunner_Portal">
    <error type="cucumber.runner.AmbiguousStepDefinitionsException" message="&quot;User provides &quot;bbb123@bbb.com&quot; and &quot;abcd@1234&quot; and submit&quot; matches more than one step definition:
  &quot;User provides {string} and {string} and submit&quot; in stepsDefinition_Portal.user_provides_and_and_submit(String,String)
  &quot;^User provides (.+) and (.+) and submit$&quot; in stepsDefinition_Portal.user_provides_and_and_submit1(String,String)
">
      <![CDATA[cucumber.runner.AmbiguousStepDefinitionsException: "User provides "bbb123@bbb.com" and "abcd@1234" and submit" matches more than one step definition:
  "User provides {string} and {string} and submit" in stepsDefinition_Portal.user_provides_and_and_submit(String,String)
  "^User provides (.+) and (.+) and submit$" in stepsDefinition_Portal.user_provides_and_and_submit1(String,String)

at cucumber.runner.Glue.stepDefinitionMatch(Glue.java:92)
at cucumber.runner.Runner.addTestStepsForPickleSteps(Runner.java:73)
at cucumber.runner.Runner.createTestCaseForPickle(Runner.java:63)
at cucumber.runner.Runner.runPickle(Runner.java:48)
at cucumber.api.testng.TestNGCucumberRunner.runScenario(TestNGCucumberRunner.java:57)
at cucumber.api.testng.AbstractTestNGCucumberTests.runScenario(AbstractTestNGCucumberTests.java:22)
at sun.reflect.NativeMethodAccessorImpl.invoke0(Native Method)
at sun.reflect.NativeMethodAccessorImpl.invoke(NativeMethodAccessorImpl.java:62)
at sun.reflect.DelegatingMethodAccessorImpl.invoke(DelegatingMethodAccessorImpl.java:43)
at java.lang.reflect.Method.invoke(Method.java:498)
at org.testng.internal.MethodInvocationHelper.invokeMethod(MethodInvocationHelper.java:124)
at org.testng.internal.Invoker.invokeMethod(Invoker.java:583)
at org.testng.internal.Invoker.invokeTestMethod(Invoker.java:719)
at org.testng.internal.Invoker.invokeTestMethods(Invoker.java:989)
at org.testng.internal.TestMethodWorker.invokeTestMethods(TestMethodWorker.java:125)
at org.testng.internal.TestMethodWorker.run(TestMethodWorker.java:109)
at org.testng.TestRunner.privateRun(TestRunner.java:648)
at org.testng.TestRunner.run(TestRunner.java:505)
at org.testng.SuiteRunner.runTest(SuiteRunner.java:455)
at org.testng.SuiteRunner.runSequentially(SuiteRunner.java:450)
at org.testng.SuiteRunner.privateRun(SuiteRunner.java:415)
at org.testng.SuiteRunner.run(SuiteRunner.java:364)
at org.testng.SuiteRunnerWorker.runSuite(SuiteRunnerWorker.java:52)
at org.testng.SuiteRunnerWorker.run(SuiteRunnerWorker.java:84)
at org.testng.TestNG.runSuitesSequentially(TestNG.java:1208)
at org.testng.TestNG.runSuitesLocally(TestNG.java:1137)
at org.testng.TestNG.runSuites(TestNG.java:1049)
at org.testng.TestNG.run(TestNG.java:1017)
at org.testng.remote.AbstractRemoteTestNG.run(AbstractRemoteTestNG.java:115)
at org.testng.remote.RemoteTestNG.initAndRun(RemoteTestNG.java:251)
at org.testng.remote.RemoteTestNG.main(RemoteTestNG.java:77)
]]>
    </error>
  </testcase> <!-- runScenario -->
  <testcase name="runScenario" time="13.629" classname="testRunner.testRunner_Portal">
    <error type="cucumber.runner.AmbiguousStepDefinitionsException" message="&quot;User provides &quot;aaa123@aaa.com&quot; and &quot;abcd@1234&quot; and submit&quot; matches more than one step definition:
  &quot;User provides {string} and {string} and submit&quot; in stepsDefinition_Portal.user_provides_and_and_submit(String,String)
  &quot;^User provides (.+) and (.+) and submit$&quot; in stepsDefinition_Portal.user_provides_and_and_submit1(String,String)
">
      <![CDATA[cucumber.runner.AmbiguousStepDefinitionsException: "User provides "aaa123@aaa.com" and "abcd@1234" and submit" matches more than one step definition:
  "User provides {string} and {string} and submit" in stepsDefinition_Portal.user_provides_and_and_submit(String,String)
  "^User provides (.+) and (.+) and submit$" in stepsDefinition_Portal.user_provides_and_and_submit1(String,String)

at cucumber.runner.Glue.stepDefinitionMatch(Glue.java:92)
at cucumber.runner.Runner.addTestStepsForPickleSteps(Runner.java:73)
at cucumber.runner.Runner.createTestCaseForPickle(Runner.java:63)
at cucumber.runner.Runner.runPickle(Runner.java:48)
at cucumber.api.testng.TestNGCucumberRunner.runScenario(TestNGCucumberRunner.java:57)
at cucumber.api.testng.AbstractTestNGCucumberTests.runScenario(AbstractTestNGCucumberTests.java:22)
at sun.reflect.NativeMethodAccessorImpl.invoke0(Native Method)
at sun.reflect.NativeMethodAccessorImpl.invoke(NativeMethodAccessorImpl.java:62)
at sun.reflect.DelegatingMethodAccessorImpl.invoke(DelegatingMethodAccessorImpl.java:43)
at java.lang.reflect.Method.invoke(Method.java:498)
at org.testng.internal.MethodInvocationHelper.invokeMethod(MethodInvocationHelper.java:124)
at org.testng.internal.Invoker.invokeMethod(Invoker.java:583)
at org.testng.internal.Invoker.invokeTestMethod(Invoker.java:719)
at org.testng.internal.Invoker.invokeTestMethods(Invoker.java:989)
at org.testng.internal.TestMethodWorker.invokeTestMethods(TestMethodWorker.java:125)
at org.testng.internal.TestMethodWorker.run(TestMethodWorker.java:109)
at org.testng.TestRunner.privateRun(TestRunner.java:648)
at org.testng.TestRunner.run(TestRunner.java:505)
at org.testng.SuiteRunner.runTest(SuiteRunner.java:455)
at org.testng.SuiteRunner.runSequentially(SuiteRunner.java:450)
at org.testng.SuiteRunner.privateRun(SuiteRunner.java:415)
at org.testng.SuiteRunner.run(SuiteRunner.java:364)
at org.testng.SuiteRunnerWorker.runSuite(SuiteRunnerWorker.java:52)
at org.testng.SuiteRunnerWorker.run(SuiteRunnerWorker.java:84)
at org.testng.TestNG.runSuitesSequentially(TestNG.java:1208)
at org.testng.TestNG.runSuitesLocally(TestNG.java:1137)
at org.testng.TestNG.runSuites(TestNG.java:1049)
at org.testng.TestNG.run(TestNG.java:1017)
at org.testng.remote.AbstractRemoteTestNG.run(AbstractRemoteTestNG.java:115)
at org.testng.remote.RemoteTestNG.initAndRun(RemoteTestNG.java:251)
at org.testng.remote.RemoteTestNG.main(RemoteTestNG.java:77)
]]>
    </error>
  </testcase> <!-- runScenario -->
</testsuite> <!-- testRunner.testRunner_Portal -->
